Arguments: 
  C:\Program Files\nodejs\node.exe C:\Program Files (x86)\Yarn\bin\yarn.js add d-3

PATH: 
  C:\Program Files\Docker\Docker\Resources\bin;C:\Program Files\ArcGIS\Pro\bin\Python\Scripts\proenv.bat;C:\Program Files\ArcGIS\Pro\bin\Python\envs\arcgispro-py3\python.exe;C:\Program Files (x86)\Common Files\Oracle\Java\javapath;C:\Program Files (x86)\Microsoft SDKs\Azure\CLI2\wbin;C:\ProgramData\Oracle\Java\javapath;C:\Program Files (x86)\Intel\iCLS Client\;C:\Program Files\Intel\iCLS Client\;C:\windows\system32;C:\windows;C:\windows\System32\Wbem;C:\windows\System32\WindowsPowerShell\v1.0\;C:\Program Files (x86)\Intel\Intel(R) Management Engine Components\DAL;C:\Program Files\Intel\Intel(R) Management Engine Components\DAL;C:\Program Files (x86)\Intel\Intel(R) Management Engine Components\IPT;C:\Program Files\Intel\Intel(R) Management Engine Components\IPT;C:\WINDOWS\system32;C:\WINDOWS;C:\WINDOWS\System32\Wbem;C:\WINDOWS\System32\WindowsPowerShell\v1.0\;C:\Program Files (x86)\NVIDIA Corporation\PhysX\Common;C:\Program Files (x86)\GtkSharp\2.12\bin;C:\Users\anthr\.dnx\bin;C:\Program Files\Microsoft DNX\Dnvm\;C:\Program Files\Microsoft SQL Server\130\Tools\Binn\;C:\Program Files\PuTTY\;C:\Program Files (x86)\Google\Cloud SDK\google-cloud-sdk\bin;C:\WINDOWS\system32;C:\WINDOWS;C:\WINDOWS\System32\Wbem;C:\WINDOWS\System32\WindowsPowerShell\v1.0\;C:\Program Files (x86)\Brackets\command;C:\WINDOWS\System32\OpenSSH\;C:\Program Files\Intel\WiFi\bin\;C:\Program Files\Common Files\Intel\WirelessCommon\;C:\Program Files\NVIDIA Corporation\NVIDIA NvDLISR;C:\Program Files (x86)\Yarn\bin\;C:\Program Files\nodejs\;D:\Apps_DDrive\NVPAK\NVInstall\gradle-2.9\bin;D:\Apps_DDrive\NVPAK\NVInstall\apache-ant-1.8.2\bin;D:\Apps_DDrive\NVPAK\NVInstall\jdk1.8.0_77\bin;D:\Apps_DDrive\NVPAK\NVInstall\android-ndk-r12b;D:\Apps_DDrive\NVPAK\NVInstall\android-sdk-windows\extras\android\support;D:\Apps_DDrive\NVPAK\NVInstall\android-sdk-windows\build-tools;D:\Apps_DDrive\NVPAK\NVInstall\android-sdk-windows\platform-tools;D:\Apps_DDrive\NVPAK\NVInstall\android-sdk-windows\tools;C:\Users\anthr\AppData\Local\Microsoft\WindowsApps;C:\Program Files\Heroku\bin;C:\Users\anthr\AppData\Local\Microsoft\WindowsApps;C:\Users\anthr\AppData\Local\GitHubDesktop\bin;C:\Users\anthr\AppData\Local\Yarn\bin;C:\Users\anthr\AppData\Roaming\npm

Yarn version: 
  1.12.3

Node version: 
  10.14.2

Platform: 
  win32 x64

Trace: 
  Error: https://registry.yarnpkg.com/d-3: Not found
      at Request.params.callback [as _callback] (C:\Program Files (x86)\Yarn\lib\cli.js:65003:18)
      at Request.self.callback (C:\Program Files (x86)\Yarn\lib\cli.js:129018:22)
      at Request.emit (events.js:182:13)
      at Request.<anonymous> (C:\Program Files (x86)\Yarn\lib\cli.js:129990:10)
      at Request.emit (events.js:182:13)
      at IncomingMessage.<anonymous> (C:\Program Files (x86)\Yarn\lib\cli.js:129912:12)
      at Object.onceWrapper (events.js:273:13)
      at IncomingMessage.emit (events.js:187:15)
      at endReadableNT (_stream_readable.js:1094:12)
      at process._tickCallback (internal/process/next_tick.js:63:19)

npm manifest: 
  {
    "name": "flak-network-prioritization-template",
    "version": "1.0.0",
    "description": "This is a sample project attempting to use flask and front-end technologies to facilitate interactive prioritization analysis on networks.",
    "main": "index.js",
    "repository": "https://github.com/www.github.com/d-wasserman",
    "author": "David Wasserman david.wasserman.plan@gmail.com",
    "license": "Apache 2.0",
    "dependencies": {
      "cash-dom": "^2.3.9",
      "leaflet": "^1.3.4"
    }
  }

yarn manifest: 
  No manifest

Lockfile: 
  # THIS IS AN AUTOGENERATED FILE. DO NOT EDIT THIS FILE DIRECTLY.
  # yarn lockfile v1
  
  
  cash-dom@^2.3.9:
    version "2.3.9"
    resolved "https://registry.yarnpkg.com/cash-dom/-/cash-dom-2.3.9.tgz#ff2e29cf3b3202e62596e1e8bb52edb95ea79fec"
    integrity sha512-2a4/LSFQPMbLhBYiJ5Z5rEz5Pic8jMVUqkqZ42w01gkopVUnxnaJcvZifcx6QFykJyWDsUWfISt4xRSyjAaK9w==
  
  leaflet@^1.3.4:
    version "1.3.4"
    resolved "https://registry.yarnpkg.com/leaflet/-/leaflet-1.3.4.tgz#7f006ea5832603b53d7269ef5c595fd773060a40"
    integrity sha512-FYL1LGFdj6v+2Ifpw+AcFIuIOqjNggfoLUwuwQv6+3sS21Za7Wvapq+LhbSE4NDXrEj6eYnW3y7LsaBICpyXtw==
